Using launch settings from /app/VulnerableShop/Properties/launchSettings.json...
Building...
/app/VulnerableShop/Models/User.cs(6,23): warning CS8618: Non-nullable property 'Username' must contain a non-null value when exiting constructor. Consider adding the 'required' modifier or declaring the property as nullable. [/app/VulnerableShop/VulnerableShop.csproj]
/app/VulnerableShop/Models/User.cs(7,23): warning CS8618: Non-nullable property 'Password' must contain a non-null value when exiting constructor. Consider adding the 'required' modifier or declaring the property as nullable. [/app/VulnerableShop/VulnerableShop.csproj]
/app/VulnerableShop/Models/User.cs(8,23): warning CS8618: Non-nullable property 'Email' must contain a non-null value when exiting constructor. Consider adding the 'required' modifier or declaring the property as nullable. [/app/VulnerableShop/VulnerableShop.csproj]
/app/VulnerableShop/Models/User.cs(9,23): warning CS8618: Non-nullable property 'Role' must contain a non-null value when exiting constructor. Consider adding the 'required' modifier or declaring the property as nullable. [/app/VulnerableShop/VulnerableShop.csproj]
/app/VulnerableShop/Models/Product.cs(6,23): warning CS8618: Non-nullable property 'ProductName' must contain a non-null value when exiting constructor. Consider adding the 'required' modifier or declaring the property as nullable. [/app/VulnerableShop/VulnerableShop.csproj]
/app/VulnerableShop/Models/Product.cs(7,23): warning CS8618: Non-nullable property 'Description' must contain a non-null value when exiting constructor. Consider adding the 'required' modifier or declaring the property as nullable. [/app/VulnerableShop/VulnerableShop.csproj]
/app/VulnerableShop/Models/Product.cs(9,23): warning CS8618: Non-nullable property 'ImagePath' must contain a non-null value when exiting constructor. Consider adding the 'required' modifier or declaring the property as nullable. [/app/VulnerableShop/VulnerableShop.csproj]
/app/VulnerableShop/Models/Comment.cs(7,23): warning CS8618: Non-nullable property 'UserNickname' must contain a non-null value when exiting constructor. Consider adding the 'required' modifier or declaring the property as nullable. [/app/VulnerableShop/VulnerableShop.csproj]
/app/VulnerableShop/Models/Comment.cs(8,23): warning CS8618: Non-nullable property 'CommentText' must contain a non-null value when exiting constructor. Consider adding the 'required' modifier or declaring the property as nullable. [/app/VulnerableShop/VulnerableShop.csproj]
/app/VulnerableShop/Controllers/HomeController.cs(16,33): warning CS8601: Possible null reference assignment. [/app/VulnerableShop/VulnerableShop.csproj]
/app/VulnerableShop/Controllers/HomeController.cs(14,16): warning CS8618: Non-nullable field '_connectionString' must contain a non-null value when exiting constructor. Consider adding the 'required' modifier or declaring the field as nullable. [/app/VulnerableShop/VulnerableShop.csproj]
/app/VulnerableShop/Controllers/HomeController.cs(39,47): warning CS8601: Possible null reference assignment. [/app/VulnerableShop/VulnerableShop.csproj]
/app/VulnerableShop/Controllers/HomeController.cs(77,29): warning CS8602: Dereference of a possibly null reference. [/app/VulnerableShop/VulnerableShop.csproj]
info: Microsoft.Hosting.Lifetime[14]
      Now listening on: http://localhost:5000
info: Microsoft.Hosting.Lifetime[0]
      Application started. Press Ctrl+C to shut down.
info: Microsoft.Hosting.Lifetime[0]
      Hosting environment: Development
info: Microsoft.Hosting.Lifetime[0]
      Content root path: /app/VulnerableShop
warn: Microsoft.AspNetCore.HttpsPolicy.HttpsRedirectionMiddleware[3]
      Failed to determine the https port for redirect.
fail: Microsoft.AspNetCore.Diagnostics.DeveloperExceptionPageMiddleware[1]
      An unhandled exception has occurred while executing the request.
      System.ComponentModel.Win32Exception (2): An error occurred trying to start process 'cmd.exe' with working directory '/app/VulnerableShop'. No such file or directory
         at System.Diagnostics.Process.ForkAndExecProcess(ProcessStartInfo startInfo, String resolvedFilename, String[] argv, String[] envp, String cwd, Boolean setCredentials, UInt32 userId, UInt32 groupId, UInt32[] groups, Int32& stdinFd, Int32& stdoutFd, Int32& stderrFd, Boolean usesTerminal, Boolean throwOnNoExec)
         at System.Diagnostics.Process.StartCore(ProcessStartInfo startInfo)
         at System.Diagnostics.Process.Start(ProcessStartInfo startInfo)
         at VulnerableShop.Controllers.HomeController.Ping(String ip) in /app/VulnerableShop/Controllers/HomeController.cs:line 76
         at lambda_method24(Closure, Object, Object[])
         at Microsoft.AspNetCore.Mvc.Infrastructure.ActionMethodExecutor.SyncActionResultExecutor.Execute(ActionContext actionContext, IActionResultTypeMapper mapper, ObjectMethodExecutor executor, Object controller, Object[] arguments)
         at Microsoft.AspNetCore.Mvc.Infrastructure.ControllerActionInvoker.InvokeActionMethodAsync()
         at Microsoft.AspNetCore.Mvc.Infrastructure.ControllerActionInvoker.Next(State& next, Scope& scope, Object& state, Boolean& isCompleted)
         at Microsoft.AspNetCore.Mvc.Infrastructure.ControllerActionInvoker.InvokeNextActionFilterAsync()
      --- End of stack trace from previous location ---
         at Microsoft.AspNetCore.Mvc.Infrastructure.ControllerActionInvoker.Rethrow(ActionExecutedContextSealed context)
         at Microsoft.AspNetCore.Mvc.Infrastructure.ControllerActionInvoker.Next(State& next, Scope& scope, Object& state, Boolean& isCompleted)
         at Microsoft.AspNetCore.Mvc.Infrastructure.ControllerActionInvoker.InvokeInnerFilterAsync()
      --- End of stack trace from previous location ---
         at Microsoft.AspNetCore.Mvc.Infrastructure.ResourceInvoker.<InvokeNextResourceFilter>g__Awaited|25_0(ResourceInvoker invoker, Task lastTask, State next, Scope scope, Object state, Boolean isCompleted)
         at Microsoft.AspNetCore.Mvc.Infrastructure.ResourceInvoker.Rethrow(ResourceExecutedContextSealed context)
         at Microsoft.AspNetCore.Mvc.Infrastructure.ResourceInvoker.Next(State& next, Scope& scope, Object& state, Boolean& isCompleted)
         at Microsoft.AspNetCore.Mvc.Infrastructure.ResourceInvoker.InvokeFilterPipelineAsync()
      --- End of stack trace from previous location ---
         at Microsoft.AspNetCore.Mvc.Infrastructure.ResourceInvoker.<InvokeAsync>g__Awaited|17_0(ResourceInvoker invoker, Task task, IDisposable scope)
         at Microsoft.AspNetCore.Mvc.Infrastructure.ResourceInvoker.<InvokeAsync>g__Awaited|17_0(ResourceInvoker invoker, Task task, IDisposable scope)
         at Microsoft.AspNetCore.Authorization.AuthorizationMiddleware.Invoke(HttpContext context)
         at Microsoft.AspNetCore.Authentication.AuthenticationMiddleware.Invoke(HttpContext context)
         at Microsoft.AspNetCore.Diagnostics.DeveloperExceptionPageMiddlewareImpl.Invoke(HttpContext context)
info: Microsoft.Hosting.Lifetime[0]
      Application is shutting down...
